<?xml version="1.0" encoding="utf-8" standalone="no"?>
<test-run id="2" testcasecount="1" result="Failed" total="1" passed="0" failed="1" inconclusive="0" skipped="0" asserts="0" engine-version="3.10.0.0" clr-version="4.0.30319.42000" start-time="2020-09-01 10:48:22Z" end-time="2020-09-01 10:48:23Z" duration="1.586479">
  <command-line><![CDATA[nunit3-console.exe  "E:\eMenus_Cendyn_Automation\ProductLibrary\eLoyaltyV3\bin\Debug\eLoyaltyV3.dll"]]></command-line>
  <test-suite type="Assembly" id="0-1021" name="eLoyaltyV3.dll" fullname="E:\eMenus_Cendyn_Automation\ProductLibrary\eLoyaltyV3\bin\Debug\eLoyaltyV3.dll" runstate="Runnable" testcasecount="1" result="Failed" site="Child" start-time="2020-09-01 10:48:23Z" end-time="2020-09-01 10:48:23Z" duration="0.211218" total="1" passed="0" failed="1" warnings="0" inconclusive="0" skipped="0" asserts="0">
    <environment framework-version="3.12.0.0" clr-version="4.0.30319.42000" os-version="Microsoft Windows NT 10.0.18362.0" platform="Win32NT" cwd="E:\eMenus_Cendyn_Automation\Nunit.Console" machine-name="DPLAP64" user="AshishRehpade" user-domain="AzureAD" culture="en-US" uiculture="en-US" os-architecture="x64" />
    <settings>
      <setting name="DisposeRunners" value="True" />
      <setting name="WorkDirectory" value="E:\eMenus_Cendyn_Automation\Nunit.Console" />
      <setting name="ImageRuntimeVersion" value="4.0.30319" />
      <setting name="ImageTargetFrameworkName" value=".NETFramework,Version=v4.8" />
      <setting name="ImageRequiresX86" value="False" />
      <setting name="ImageRequiresDefaultAppDomainAssemblyResolver" value="False" />
      <setting name="NumberOfTestWorkers" value="4" />
    </settings>
    <properties>
      <property name="LevelOfParallelism" value="1" />
      <property name="_PID" value="10768" />
      <property name="_APPDOMAIN" value="domain-" />
    </properties>
    <failure>
      <message><![CDATA[One or more child tests had errors]]></message>
    </failure>
    <test-suite type="TestSuite" id="0-1023" name="eLoyaltyV3" fullname="eLoyaltyV3" runstate="Runnable" testcasecount="0" result="Failed" site="Child" start-time="2020-09-01 10:48:23Z" end-time="2020-09-01 10:48:23Z" duration="0.171245" total="0" passed="0" failed="0" warnings="0" inconclusive="0" skipped="0" asserts="0">
      <failure>
        <message><![CDATA[One or more child tests had errors]]></message>
      </failure>
      <test-suite type="TestSuite" id="0-1028" name="AppModule" fullname="eLoyaltyV3.AppModule" runstate="Runnable" testcasecount="0" result="Failed" site="Child" start-time="2020-09-01 10:48:23Z" end-time="2020-09-01 10:48:23Z" duration="0.170053" total="0" passed="0" failed="0" warnings="0" inconclusive="0" skipped="0" asserts="0">
        <failure>
          <message><![CDATA[One or more child tests had errors]]></message>
        </failure>
        <test-suite type="TestSuite" id="0-1029" name="MainAdminApp" fullname="eLoyaltyV3.AppModule.MainAdminApp" runstate="Runnable" testcasecount="0" result="Failed" site="Child" start-time="2020-09-01 10:48:23Z" end-time="2020-09-01 10:48:23Z" duration="0.165613" total="0" passed="0" failed="0" warnings="0" inconclusive="0" skipped="0" asserts="0">
          <failure>
            <message><![CDATA[One or more child tests had errors]]></message>
          </failure>
          <test-suite type="TestFixture" id="0-1019" name="MainAdminApp(&quot;chrome&quot;,&quot;83&quot;,&quot;Windows 10&quot;,&quot;1280x1024&quot;)" fullname="eLoyaltyV3.AppModule.MainAdminApp.MainAdminApp(&quot;chrome&quot;,&quot;83&quot;,&quot;Windows 10&quot;,&quot;1280x1024&quot;)" classname="eLoyaltyV3.AppModule.MainAdminApp.MainAdminApp" runstate="NotRunnable" testcasecount="0" result="Failed" label="Invalid" site="SetUp" start-time="2020-09-01 10:48:23Z" end-time="2020-09-01 10:48:23Z" duration="0.150578" total="0" passed="0" failed="0" warnings="0" inconclusive="0" skipped="0" asserts="0">
            <properties>
              <property name="_SKIPREASON" value="No suitable constructor was found" />
              <property name="ParallelScope" value="Children" />
            </properties>
            <failure>
              <message><![CDATA[No suitable constructor was found]]></message>
            </failure>
          </test-suite>
        </test-suite>
        <test-suite type="TestSuite" id="0-1030" name="UI" fullname="eLoyaltyV3.AppModule.UI" runstate="Runnable" testcasecount="0" result="Failed" site="Child" start-time="2020-09-01 10:48:23Z" end-time="2020-09-01 10:48:23Z" duration="0.170015" total="0" passed="0" failed="0" warnings="0" inconclusive="0" skipped="0" asserts="0">
          <failure>
            <message><![CDATA[One or more child tests had errors]]></message>
          </failure>
          <test-suite type="TestFixture" id="0-1020" name="MySettings(&quot;chrome&quot;,&quot;83&quot;,&quot;Windows 10&quot;,&quot;1280x1024&quot;)" fullname="eLoyaltyV3.AppModule.UI.MySettings(&quot;chrome&quot;,&quot;83&quot;,&quot;Windows 10&quot;,&quot;1280x1024&quot;)" classname="eLoyaltyV3.AppModule.UI.MySettings" runstate="NotRunnable" testcasecount="0" result="Failed" label="Invalid" site="SetUp" start-time="2020-09-01 10:48:23Z" end-time="2020-09-01 10:48:23Z" duration="0.000016" total="0" passed="0" failed="0" warnings="0" inconclusive="0" skipped="0" asserts="0">
            <properties>
              <property name="_SKIPREASON" value="No suitable constructor was found" />
              <property name="ParallelScope" value="Children" />
            </properties>
            <failure>
              <message><![CDATA[No suitable constructor was found]]></message>
            </failure>
          </test-suite>
        </test-suite>
      </test-suite>
      <test-suite type="TestSuite" id="0-1025" name="PageObject" fullname="eLoyaltyV3.PageObject" runstate="Runnable" testcasecount="0" result="Failed" site="Child" start-time="2020-09-01 10:48:23Z" end-time="2020-09-01 10:48:23Z" duration="0.170222" total="0" passed="0" failed="0" warnings="0" inconclusive="0" skipped="0" asserts="0">
        <failure>
          <message><![CDATA[One or more child tests had errors]]></message>
        </failure>
        <test-suite type="TestSuite" id="0-1027" name="Admin" fullname="eLoyaltyV3.PageObject.Admin" runstate="Runnable" testcasecount="0" result="Failed" site="Child" start-time="2020-09-01 10:48:23Z" end-time="2020-09-01 10:48:23Z" duration="0.170019" total="0" passed="0" failed="0" warnings="0" inconclusive="0" skipped="0" asserts="0">
          <failure>
            <message><![CDATA[One or more child tests had errors]]></message>
          </failure>
          <test-suite type="TestFixture" id="0-1018" name="PageObject_Admin(&quot;chrome&quot;,&quot;83&quot;,&quot;Windows 10&quot;,&quot;1280x1024&quot;)" fullname="eLoyaltyV3.PageObject.Admin.PageObject_Admin(&quot;chrome&quot;,&quot;83&quot;,&quot;Windows 10&quot;,&quot;1280x1024&quot;)" classname="eLoyaltyV3.PageObject.Admin.PageObject_Admin" runstate="NotRunnable" testcasecount="0" result="Failed" label="Invalid" site="SetUp" start-time="2020-09-01 10:48:23Z" end-time="2020-09-01 10:48:23Z" duration="0.000002" total="0" passed="0" failed="0" warnings="0" inconclusive="0" skipped="0" asserts="0">
            <properties>
              <property name="_SKIPREASON" value="No suitable constructor was found" />
              <property name="ParallelScope" value="Children" />
            </properties>
            <failure>
              <message><![CDATA[No suitable constructor was found]]></message>
            </failure>
          </test-suite>
        </test-suite>
        <test-suite type="TestSuite" id="0-1026" name="UI" fullname="eLoyaltyV3.PageObject.UI" runstate="Runnable" testcasecount="0" result="Failed" site="Child" start-time="2020-09-01 10:48:23Z" end-time="2020-09-01 10:48:23Z" duration="0.170205" total="0" passed="0" failed="0" warnings="0" inconclusive="0" skipped="0" asserts="0">
          <failure>
            <message><![CDATA[One or more child tests had errors]]></message>
          </failure>
          <test-suite type="TestFixture" id="0-1003" name="PageObject_Awards(&quot;chrome&quot;,&quot;83&quot;,&quot;Windows 10&quot;,&quot;1280x1024&quot;)" fullname="eLoyaltyV3.PageObject.UI.PageObject_Awards(&quot;chrome&quot;,&quot;83&quot;,&quot;Windows 10&quot;,&quot;1280x1024&quot;)" classname="eLoyaltyV3.PageObject.UI.PageObject_Awards" runstate="NotRunnable" testcasecount="0" result="Failed" label="Invalid" site="SetUp" start-time="2020-09-01 10:48:23Z" end-time="2020-09-01 10:48:23Z" duration="0.000001" total="0" passed="0" failed="0" warnings="0" inconclusive="0" skipped="0" asserts="0">
            <properties>
              <property name="_SKIPREASON" value="No suitable constructor was found" />
              <property name="ParallelScope" value="Children" />
            </properties>
            <failure>
              <message><![CDATA[No suitable constructor was found]]></message>
            </failure>
          </test-suite>
          <test-suite type="TestFixture" id="0-1004" name="PageObject_ContactUs(&quot;chrome&quot;,&quot;83&quot;,&quot;Windows 10&quot;,&quot;1280x1024&quot;)" fullname="eLoyaltyV3.PageObject.UI.PageObject_ContactUs(&quot;chrome&quot;,&quot;83&quot;,&quot;Windows 10&quot;,&quot;1280x1024&quot;)" classname="eLoyaltyV3.PageObject.UI.PageObject_ContactUs" runstate="NotRunnable" testcasecount="0" result="Failed" label="Invalid" site="SetUp" start-time="2020-09-01 10:48:23Z" end-time="2020-09-01 10:48:23Z" duration="0.000002" total="0" passed="0" failed="0" warnings="0" inconclusive="0" skipped="0" asserts="0">
            <properties>
              <property name="_SKIPREASON" value="No suitable constructor was found" />
              <property name="ParallelScope" value="Children" />
            </properties>
            <failure>
              <message><![CDATA[No suitable constructor was found]]></message>
            </failure>
          </test-suite>
          <test-suite type="TestFixture" id="0-1005" name="PageObject_CRMAPI(&quot;chrome&quot;,&quot;83&quot;,&quot;Windows 10&quot;,&quot;1280x1024&quot;)" fullname="eLoyaltyV3.PageObject.UI.PageObject_CRMAPI(&quot;chrome&quot;,&quot;83&quot;,&quot;Windows 10&quot;,&quot;1280x1024&quot;)" classname="eLoyaltyV3.PageObject.UI.PageObject_CRMAPI" runstate="NotRunnable" testcasecount="0" result="Failed" label="Invalid" site="SetUp" start-time="2020-09-01 10:48:23Z" end-time="2020-09-01 10:48:23Z" duration="0.000001" total="0" passed="0" failed="0" warnings="0" inconclusive="0" skipped="0" asserts="0">
            <properties>
              <property name="_SKIPREASON" value="No suitable constructor was found" />
              <property name="ParallelScope" value="Children" />
            </properties>
            <failure>
              <message><![CDATA[No suitable constructor was found]]></message>
            </failure>
          </test-suite>
          <test-suite type="TestFixture" id="0-1006" name="PageObject_Exclusives(&quot;chrome&quot;,&quot;83&quot;,&quot;Windows 10&quot;,&quot;1280x1024&quot;)" fullname="eLoyaltyV3.PageObject.UI.PageObject_Exclusives(&quot;chrome&quot;,&quot;83&quot;,&quot;Windows 10&quot;,&quot;1280x1024&quot;)" classname="eLoyaltyV3.PageObject.UI.PageObject_Exclusives" runstate="NotRunnable" testcasecount="0" result="Failed" label="Invalid" site="SetUp" start-time="2020-09-01 10:48:23Z" end-time="2020-09-01 10:48:23Z" duration="0.000002" total="0" passed="0" failed="0" warnings="0" inconclusive="0" skipped="0" asserts="0">
            <properties>
              <property name="_SKIPREASON" value="No suitable constructor was found" />
              <property name="ParallelScope" value="Children" />
            </properties>
            <failure>
              <message><![CDATA[No suitable constructor was found]]></message>
            </failure>
          </test-suite>
          <test-suite type="TestFixture" id="0-1007" name="PageObject_ForgotPassword(&quot;chrome&quot;,&quot;83&quot;,&quot;Windows 10&quot;,&quot;1280x1024&quot;)" fullname="eLoyaltyV3.PageObject.UI.PageObject_ForgotPassword(&quot;chrome&quot;,&quot;83&quot;,&quot;Windows 10&quot;,&quot;1280x1024&quot;)" classname="eLoyaltyV3.PageObject.UI.PageObject_ForgotPassword" runstate="NotRunnable" testcasecount="0" result="Failed" label="Invalid" site="SetUp" start-time="2020-09-01 10:48:23Z" end-time="2020-09-01 10:48:23Z" duration="0.000002" total="0" passed="0" failed="0" warnings="0" inconclusive="0" skipped="0" asserts="0">
            <properties>
              <property name="_SKIPREASON" value="No suitable constructor was found" />
              <property name="ParallelScope" value="Children" />
            </properties>
            <failure>
              <message><![CDATA[No suitable constructor was found]]></message>
            </failure>
          </test-suite>
          <test-suite type="TestFixture" id="0-1008" name="PageObject_InviteFriends(&quot;chrome&quot;,&quot;83&quot;,&quot;Windows 10&quot;,&quot;1280x1024&quot;)" fullname="eLoyaltyV3.PageObject.UI.PageObject_InviteFriends(&quot;chrome&quot;,&quot;83&quot;,&quot;Windows 10&quot;,&quot;1280x1024&quot;)" classname="eLoyaltyV3.PageObject.UI.PageObject_InviteFriends" runstate="NotRunnable" testcasecount="0" result="Failed" label="Invalid" site="SetUp" start-time="2020-09-01 10:48:23Z" end-time="2020-09-01 10:48:23Z" duration="0.000001" total="0" passed="0" failed="0" warnings="0" inconclusive="0" skipped="0" asserts="0">
            <properties>
              <property name="_SKIPREASON" value="No suitable constructor was found" />
              <property name="ParallelScope" value="Children" />
            </properties>
            <failure>
              <message><![CDATA[No suitable constructor was found]]></message>
            </failure>
          </test-suite>
          <test-suite type="TestFixture" id="0-1009" name="PageObject_MyProfile(&quot;chrome&quot;,&quot;83&quot;,&quot;Windows 10&quot;,&quot;1280x1024&quot;)" fullname="eLoyaltyV3.PageObject.UI.PageObject_MyProfile(&quot;chrome&quot;,&quot;83&quot;,&quot;Windows 10&quot;,&quot;1280x1024&quot;)" classname="eLoyaltyV3.PageObject.UI.PageObject_MyProfile" runstate="NotRunnable" testcasecount="0" result="Failed" label="Invalid" site="SetUp" start-time="2020-09-01 10:48:23Z" end-time="2020-09-01 10:48:23Z" duration="0.000002" total="0" passed="0" failed="0" warnings="0" inconclusive="0" skipped="0" asserts="0">
            <properties>
              <property name="_SKIPREASON" value="No suitable constructor was found" />
              <property name="ParallelScope" value="Children" />
            </properties>
            <failure>
              <message><![CDATA[No suitable constructor was found]]></message>
            </failure>
          </test-suite>
          <test-suite type="TestFixture" id="0-1010" name="PageObject_MySettings(&quot;chrome&quot;,&quot;83&quot;,&quot;Windows 10&quot;,&quot;1280x1024&quot;)" fullname="eLoyaltyV3.PageObject.UI.PageObject_MySettings(&quot;chrome&quot;,&quot;83&quot;,&quot;Windows 10&quot;,&quot;1280x1024&quot;)" classname="eLoyaltyV3.PageObject.UI.PageObject_MySettings" runstate="NotRunnable" testcasecount="0" result="Failed" label="Invalid" site="SetUp" start-time="2020-09-01 10:48:23Z" end-time="2020-09-01 10:48:23Z" duration="0.000002" total="0" passed="0" failed="0" warnings="0" inconclusive="0" skipped="0" asserts="0">
            <properties>
              <property name="_SKIPREASON" value="No suitable constructor was found" />
              <property name="ParallelScope" value="Children" />
            </properties>
            <failure>
              <message><![CDATA[No suitable constructor was found]]></message>
            </failure>
          </test-suite>
          <test-suite type="TestFixture" id="0-1011" name="PageObject_MyStays(&quot;chrome&quot;,&quot;83&quot;,&quot;Windows 10&quot;,&quot;1280x1024&quot;)" fullname="eLoyaltyV3.PageObject.UI.PageObject_MyStays(&quot;chrome&quot;,&quot;83&quot;,&quot;Windows 10&quot;,&quot;1280x1024&quot;)" classname="eLoyaltyV3.PageObject.UI.PageObject_MyStays" runstate="NotRunnable" testcasecount="0" result="Failed" label="Invalid" site="SetUp" start-time="2020-09-01 10:48:23Z" end-time="2020-09-01 10:48:23Z" duration="0.000001" total="0" passed="0" failed="0" warnings="0" inconclusive="0" skipped="0" asserts="0">
            <properties>
              <property name="_SKIPREASON" value="No suitable constructor was found" />
              <property name="ParallelScope" value="Children" />
            </properties>
            <failure>
              <message><![CDATA[No suitable constructor was found]]></message>
            </failure>
          </test-suite>
          <test-suite type="TestFixture" id="0-1012" name="PageObject_Navigation(&quot;chrome&quot;,&quot;83&quot;,&quot;Windows 10&quot;,&quot;1280x1024&quot;)" fullname="eLoyaltyV3.PageObject.UI.PageObject_Navigation(&quot;chrome&quot;,&quot;83&quot;,&quot;Windows 10&quot;,&quot;1280x1024&quot;)" classname="eLoyaltyV3.PageObject.UI.PageObject_Navigation" runstate="NotRunnable" testcasecount="0" result="Failed" label="Invalid" site="SetUp" start-time="2020-09-01 10:48:23Z" end-time="2020-09-01 10:48:23Z" duration="0.000001" total="0" passed="0" failed="0" warnings="0" inconclusive="0" skipped="0" asserts="0">
            <properties>
              <property name="_SKIPREASON" value="No suitable constructor was found" />
              <property name="ParallelScope" value="Children" />
            </properties>
            <failure>
              <message><![CDATA[No suitable constructor was found]]></message>
            </failure>
          </test-suite>
          <test-suite type="TestFixture" id="0-1013" name="PageObject_Redeem(&quot;chrome&quot;,&quot;83&quot;,&quot;Windows 10&quot;,&quot;1280x1024&quot;)" fullname="eLoyaltyV3.PageObject.UI.PageObject_Redeem(&quot;chrome&quot;,&quot;83&quot;,&quot;Windows 10&quot;,&quot;1280x1024&quot;)" classname="eLoyaltyV3.PageObject.UI.PageObject_Redeem" runstate="NotRunnable" testcasecount="0" result="Failed" label="Invalid" site="SetUp" start-time="2020-09-01 10:48:23Z" end-time="2020-09-01 10:48:23Z" duration="0.000002" total="0" passed="0" failed="0" warnings="0" inconclusive="0" skipped="0" asserts="0">
            <properties>
              <property name="_SKIPREASON" value="No suitable constructor was found" />
              <property name="ParallelScope" value="Children" />
            </properties>
            <failure>
              <message><![CDATA[No suitable constructor was found]]></message>
            </failure>
          </test-suite>
          <test-suite type="TestFixture" id="0-1014" name="PageObject_SignIn(&quot;chrome&quot;,&quot;83&quot;,&quot;Windows 10&quot;,&quot;1280x1024&quot;)" fullname="eLoyaltyV3.PageObject.UI.PageObject_SignIn(&quot;chrome&quot;,&quot;83&quot;,&quot;Windows 10&quot;,&quot;1280x1024&quot;)" classname="eLoyaltyV3.PageObject.UI.PageObject_SignIn" runstate="NotRunnable" testcasecount="0" result="Failed" label="Invalid" site="SetUp" start-time="2020-09-01 10:48:23Z" end-time="2020-09-01 10:48:23Z" duration="0.000002" total="0" passed="0" failed="0" warnings="0" inconclusive="0" skipped="0" asserts="0">
            <properties>
              <property name="_SKIPREASON" value="No suitable constructor was found" />
              <property name="ParallelScope" value="Children" />
            </properties>
            <failure>
              <message><![CDATA[No suitable constructor was found]]></message>
            </failure>
          </test-suite>
          <test-suite type="TestFixture" id="0-1015" name="PageObject_SignUp(&quot;chrome&quot;,&quot;83&quot;,&quot;Windows 10&quot;,&quot;1280x1024&quot;)" fullname="eLoyaltyV3.PageObject.UI.PageObject_SignUp(&quot;chrome&quot;,&quot;83&quot;,&quot;Windows 10&quot;,&quot;1280x1024&quot;)" classname="eLoyaltyV3.PageObject.UI.PageObject_SignUp" runstate="NotRunnable" testcasecount="0" result="Failed" label="Invalid" site="SetUp" start-time="2020-09-01 10:48:23Z" end-time="2020-09-01 10:48:23Z" duration="0.000001" total="0" passed="0" failed="0" warnings="0" inconclusive="0" skipped="0" asserts="0">
            <properties>
              <property name="_SKIPREASON" value="No suitable constructor was found" />
              <property name="ParallelScope" value="Children" />
            </properties>
            <failure>
              <message><![CDATA[No suitable constructor was found]]></message>
            </failure>
          </test-suite>
          <test-suite type="TestFixture" id="0-1016" name="PageObject_SpecialOffers(&quot;chrome&quot;,&quot;83&quot;,&quot;Windows 10&quot;,&quot;1280x1024&quot;)" fullname="eLoyaltyV3.PageObject.UI.PageObject_SpecialOffers(&quot;chrome&quot;,&quot;83&quot;,&quot;Windows 10&quot;,&quot;1280x1024&quot;)" classname="eLoyaltyV3.PageObject.UI.PageObject_SpecialOffers" runstate="NotRunnable" testcasecount="0" result="Failed" label="Invalid" site="SetUp" start-time="2020-09-01 10:48:23Z" end-time="2020-09-01 10:48:23Z" duration="0.000002" total="0" passed="0" failed="0" warnings="0" inconclusive="0" skipped="0" asserts="0">
            <properties>
              <property name="_SKIPREASON" value="No suitable constructor was found" />
              <property name="ParallelScope" value="Children" />
            </properties>
            <failure>
              <message><![CDATA[No suitable constructor was found]]></message>
            </failure>
          </test-suite>
          <test-suite type="TestFixture" id="0-1017" name="PageObject_Summary(&quot;chrome&quot;,&quot;83&quot;,&quot;Windows 10&quot;,&quot;1280x1024&quot;)" fullname="eLoyaltyV3.PageObject.UI.PageObject_Summary(&quot;chrome&quot;,&quot;83&quot;,&quot;Windows 10&quot;,&quot;1280x1024&quot;)" classname="eLoyaltyV3.PageObject.UI.PageObject_Summary" runstate="NotRunnable" testcasecount="0" result="Failed" label="Invalid" site="SetUp" start-time="2020-09-01 10:48:23Z" end-time="2020-09-01 10:48:23Z" duration="0.000001" total="0" passed="0" failed="0" warnings="0" inconclusive="0" skipped="0" asserts="0">
            <properties>
              <property name="_SKIPREASON" value="No suitable constructor was found" />
              <property name="ParallelScope" value="Children" />
            </properties>
            <failure>
              <message><![CDATA[No suitable constructor was found]]></message>
            </failure>
          </test-suite>
        </test-suite>
      </test-suite>
      <test-suite type="TestSuite" id="0-1024" name="Utility" fullname="eLoyaltyV3.Utility" runstate="Runnable" testcasecount="0" result="Failed" site="Child" start-time="2020-09-01 10:48:23Z" end-time="2020-09-01 10:48:23Z" duration="0.170192" total="0" passed="0" failed="0" warnings="0" inconclusive="0" skipped="0" asserts="0">
        <failure>
          <message><![CDATA[One or more child tests had errors]]></message>
        </failure>
        <test-suite type="TestFixture" id="0-1002" name="Setup(&quot;chrome&quot;,&quot;83&quot;,&quot;Windows 10&quot;,&quot;1280x1024&quot;)" fullname="eLoyaltyV3.Utility.Setup(&quot;chrome&quot;,&quot;83&quot;,&quot;Windows 10&quot;,&quot;1280x1024&quot;)" classname="eLoyaltyV3.Utility.Setup" runstate="NotRunnable" testcasecount="0" result="Failed" label="Invalid" site="SetUp" start-time="2020-09-01 10:48:23Z" end-time="2020-09-01 10:48:23Z" duration="0.000001" total="0" passed="0" failed="0" warnings="0" inconclusive="0" skipped="0" asserts="0">
          <properties>
            <property name="_SKIPREASON" value="No suitable constructor was found" />
            <property name="ParallelScope" value="Children" />
          </properties>
          <failure>
            <message><![CDATA[No suitable constructor was found]]></message>
          </failure>
        </test-suite>
      </test-suite>
    </test-suite>
    <test-suite type="TestSuite" id="0-1022" name="HotelOrigami" fullname="HotelOrigami" runstate="Runnable" testcasecount="1" result="Failed" site="Child" start-time="2020-09-01 10:48:23Z" end-time="2020-09-01 10:48:23Z" duration="0.170807" total="1" passed="0" failed="1" warnings="0" inconclusive="0" skipped="0" asserts="0">
      <failure>
        <message><![CDATA[One or more child tests had errors]]></message>
      </failure>
      <test-suite type="TestFixture" id="0-1000" name="HotelOrigami_TP_256428_Admin_Membership_Setup(&quot;chrome&quot;,&quot;83&quot;,&quot;Windows 10&quot;,&quot;1280x1024&quot;)" fullname="HotelOrigami.HotelOrigami_TP_256428_Admin_Membership_Setup(&quot;chrome&quot;,&quot;83&quot;,&quot;Windows 10&quot;,&quot;1280x1024&quot;)" classname="HotelOrigami.HotelOrigami_TP_256428_Admin_Membership_Setup" runstate="NotRunnable" testcasecount="1" result="Failed" label="Invalid" site="SetUp" start-time="2020-09-01 10:48:23Z" end-time="2020-09-01 10:48:23Z" duration="0.000594" total="1" passed="0" failed="1" warnings="0" inconclusive="0" skipped="0" asserts="0">
        <properties>
          <property name="_SKIPREASON" value="No suitable constructor was found" />
          <property name="ParallelScope" value="Children" />
        </properties>
        <failure>
          <message><![CDATA[No suitable constructor was found]]></message>
        </failure>
        <test-case id="0-1001" name="TC_255553" fullname="HotelOrigami.HotelOrigami_TP_256428_Admin_Membership_Setup(&quot;chrome&quot;,&quot;83&quot;,&quot;Windows 10&quot;,&quot;1280x1024&quot;).TC_255553" methodname="TC_255553" classname="HotelOrigami.HotelOrigami_TP_256428_Admin_Membership_Setup" runstate="Runnable" seed="1755898122" result="Failed" label="Invalid" site="Parent" start-time="0001-01-01 00:00:00Z" end-time="0001-01-01 00:00:00Z" duration="0.000000" asserts="0">
          <properties>
            <property name="Category" value="HotelOrigami TP_256428 Admin Membership Setup" />
          </properties>
          <failure>
            <message><![CDATA[OneTimeSetUp: No suitable constructor was found]]></message>
          </failure>
        </test-case>
      </test-suite>
    </test-suite>
  </test-suite>
</test-run>